<?xml version="1.0" encoding="UTF-8"?>
<testng-results skipped="0" failed="0" total="1" passed="1">
  <reporter-output>
  </reporter-output>
  <suite name="Test" duration-ms="24" started-at="2020-02-10T15:00:31Z" finished-at="2020-02-10T15:00:31Z">
    <groups>
    </groups>
    <test name="SimpleTest" duration-ms="24" started-at="2020-02-10T15:00:31Z" finished-at="2020-02-10T15:00:31Z">
      <class name="com.asif.spring.starterproject.SimpleTest">
        <test-method status="PASS" signature="test1()[pri:0, instance:com.asif.spring.starterproject.SimpleTest@51efea79]" name="test1" duration-ms="10" started-at="2020-02-10T20:30:31Z" finished-at="2020-02-10T20:30:31Z">
          <reporter-output>
          </reporter-output>
        </test-method> <!-- test1 -->
      </class> <!-- com.asif.spring.starterproject.SimpleTest -->
    </test> <!-- SimpleTest -->
  </suite> <!-- Test -->
</testng-results>
